{"/Users/davideuez/Desktop/SimulazioneEsame/string_square.js": {"path":"/Users/davideuez/Desktop/SimulazioneEsame/string_square.js","statementMap":{"0":{"start":{"line":3,"column":2},"end":{"line":6,"column":14}},"1":{"start":{"line":4,"column":4},"end":{"line":4,"column":33}},"2":{"start":{"line":6,"column":4},"end":{"line":6,"column":14}},"3":{"start":{"line":10,"column":0},"end":{"line":12,"column":1}}},"fnMap":{"0":{"name":"string_square","decl":{"start":{"line":1,"column":9},"end":{"line":1,"column":22}},"loc":{"start":{"line":1,"column":26},"end":{"line":8,"column":1}},"line":1}},"branchMap":{"0":{"loc":{"start":{"line":3,"column":2},"end":{"line":6,"column":14}},"type":"if","locations":[{"start":{"line":3,"column":2},"end":{"line":6,"column":14}},{"start":{"line":3,"column":2},"end":{"line":6,"column":14}}],"line":3}},"s":{"0":1,"1":0,"2":1,"3":1},"f":{"0":1},"b":{"0":[0,1]},"_coverageSchema":"332fd63041d2c1bcb487cc26dd0d5f7d97098a6c","hash":"d4b826f8136ce10bc5c02c344b4f3ca9faa829c7"}
}
